This is pdfTeX, Version 3.14159265-2.6-1.40.18 (TeX Live 2017/Arch Linux) (preloaded format=pdftex 2018.1.24)  18 FEB 2018 23:52
entering extended mode
 restricted \write18 enabled.
 %&-line parsing enabled.
**Relatorio.tex
(./Relatorio.tex
Missing character: There is no Ã in font cmr10!
Missing character: There is no © in font cmr10!
Missing character: There is no Ã in font cmr10!
Missing character: There is no ³ in font cmr10!
Missing character: There is no Ã in font cmr10!
Missing character: There is no ­ in font cmr10!
Missing character: There is no Ã in font cmr10!
Missing character: There is no © in font cmr10!
Missing character: There is no Ã in font cmr10!
Missing character: There is no ­ in font cmr10!
Missing character: There is no Ã in font cmr10!
Missing character: There is no § in font cmr10!
Missing character: There is no Ã in font cmr10!
Missing character: There is no © in font cmr10!
Missing character: There is no Ã in font cmr10!
Missing character: There is no § in font cmr10!
Missing character: There is no Ã in font cmr10!
Missing character: There is no £ in font cmr10!
Missing character: There is no Ã in font cmr10!
Missing character: There is no § in font cmr10!
Missing character: There is no Ã in font cmr10!
Missing character: There is no £ in font cmr10!
Missing character: There is no Ã in font cmr10!
Missing character: There is no ¡ in font cmr10!
Missing character: There is no Ã in font cmr10!
Missing character: There is no ­ in font cmr10!
Missing character: There is no Ã in font cmr10!
Missing character: There is no ª in font cmr10!
Missing character: There is no Ã in font cmr10!
Missing character: There is no ª in font cmr10!
Missing character: There is no Ã in font cmr10!
Missing character: There is no £ in font cmr10!
Missing character: There is no Ã in font cmr10!
Missing character: There is no ª in font cmr10!
Missing character: There is no Ã in font cmr10!
Missing character: There is no © in font cmr10!
Missing character: There is no Ã in font cmr10!
Missing character: There is no § in font cmr10!
Missing character: There is no Ã in font cmr10!
Missing character: There is no £ in font cmr10!
Missing character: There is no Ã in font cmr10!
Missing character: There is no ‰ in font cmr10!
Missing character: There is no Ã in font cmr10!
Missing character: There is no ª in font cmr10!
Missing character: There is no Ã in font cmr10!
Missing character: There is no ­ in font cmr10!
Missing character: There is no Ã in font cmr10!
Missing character: There is no £ in font cmr10!
Missing character: There is no Ã in font cmr10!
Missing character: There is no £ in font cmr10!
Missing character: There is no Ã in font cmr10!
Missing character: There is no ª in font cmr10!
Missing character: There is no Ã in font cmr10!
Missing character: There is no £ in font cmr10!
Missing character: There is no Ã in font cmr10!
Missing character: There is no © in font cmr10!
Missing character: There is no Ã in font cmr10!
Missing character: There is no © in font cmr10!
Missing character: There is no Ã in font cmr10!
Missing character: There is no £ in font cmr10!
Missing character: There is no Ã in font cmr10!
Missing character: There is no ª in font cmr10!
Missing character: There is no Ã in font cmr10!
Missing character: There is no © in font cmr10!
Missing character: There is no Ã in font cmr10!
Missing character: There is no ¡ in font cmr10!
 [1{/var/lib/texmf/fonts/map/pdftex/updmap/pdftex.map}] )</usr/share/texmf-dist
/fonts/type1/public/amsfonts/cm/cmr10.pfb></usr/share/texmf-dist/fonts/type1/pu
blic/amsfonts/cm/cmti10.pfb>
Output written on Relatorio.pdf (1 page, 31403 bytes).
PDF statistics:
 16 PDF objects out of 1000 (max. 8388607)
 10 compressed objects within 1 object stream
 0 named destinations out of 1000 (max. 500000)
 1 words of extra memory for PDF output out of 10000 (max. 10000000)

